
> stremio-addarr@1.6.4 ci
> npm run typecheck && npm run test:ci && npm run build && npm run lint:manifest


> stremio-addarr@1.6.4 typecheck
> tsc --noEmit -p tsconfig.json


> stremio-addarr@1.6.4 test:ci
> tsx --test --test-reporter=spec test/*.test.ts

✔ manifest endpoint shape sanity (102.788028ms)
✔ manifest omits logo when manifestLogoUrl is blank (13.241574ms)
✔ catalog handler returns rows for radarr-recent and sonarr-recent (26.154904ms)
✔ catalog cache hints are driven by config values (14.86459ms)
✔ catalog handler returns empty metas when endpoint type does not match catalog type (10.401517ms)
✔ catalog route includes CORS headers (9.212991ms)
✔ catalog handler degrades to empty metas when Arr services throw (12.647321ms)
✔ downloaded tile launches Kodi via externalUrl when enabled (37.024036ms)
✔ downloaded tile has no externalUrl when Kodi is disabled (11.279631ms)
✔ missing movie tile triggers search action URL and does not expose secrets (14.893678ms)
✔ missing episode tile generates encoded Sonarr search action URL (12.29699ms)
✔ movie line uses in-cinemas date only when release dates are unavailable (7.497709ms)
✔ episode labels include release date when Sonarr airDateUtc exists (10.708141ms)
✔ stream cache hints are driven by config values (5.794539ms)
✔ downloaded tile includes playback url and omits Kodi fallback when file streaming is enabled (6.799251ms)
✔ downloaded tile has no url when file streaming is disabled (6.244864ms)
✔ downloaded tile has no url when movieFile id is absent and keeps Kodi fallback in direct mode (10.360888ms)
✔ episode downloaded tile keeps Kodi fallback in direct mode when episodeFileId is absent (4.630931ms)
✔ episode downloaded tile includes playback url and omits Kodi fallback when file streaming is enabled (4.375543ms)
✔ downloaded tile uses Kodi only when playback mode is set to kodi (4.021029ms)
✔ health route exposes version and service config (98.826488ms)
✔ /healthz returns {ok:true} with status 200 (22.40325ms)
✔ /status.json returns structured JSON with expected fields (8.288029ms)
✔ /status.json does not contain API keys in response (6.524617ms)
✔ root route returns tiny operator text only (7.340585ms)
✔ assets logo is served from local repo static path (14.351302ms)
✔ search action route triggers Radarr search and returns HLS stream (13.07389ms)
✔ add-search action route performs add and search on Sonarr (18.437684ms)
✔ series add-search action route triggers Sonarr add and search (12.464619ms)
✔ ttl cache expires entries (29.34136ms)
✔ downloading movie beats imported movie for same imdb id (1.553609ms)
✔ better downloading movie row wins when same imdb has multiple queue rows (0.287899ms)
✔ imported movie items sort newest first (0.980987ms)
✔ imported items use added timestamp as tiebreaker when download timestamps are missing (0.277089ms)
✔ series items collapse multiple episode events to one card per series (0.34732ms)
✔ stalled downloading release info string is preserved (0.242103ms)
✔ mergeCatalogItems securely retains original poster metadata when candidate replaces an imported or queued asset (0.3149ms)
✔ downloading fallback release info can omit progress and eta (0.227396ms)
✔ catalog service uses batch lookup for pagination filtering (3.540881ms)
✔ catalog service falls back to single lookup when batch method is absent (0.932686ms)
✔ catalog service concurrency lock prevents overlapping pagination duplicate calls (1.652755ms)
✔ catalog service progress tracking ignores single lookup exceptions completely, allowing later successful retries without skipping entries internally (1.245813ms)
✔ catalog service progress tracking ignores batch lookup exceptions securely leaving cache unaltered (1.247326ms)
✔ catalog service gracefully bounds invalid or infinity limits during pagination across endpoints (5.187043ms)
✔ catalog service uses injectable clock for deterministic imported relative text (0.872705ms)
✔ catalog service includes queue-only items (no import history) (0.919973ms)
✔ catalog service includes import-only items (no queue) (0.694291ms)
✔ catalog merge deduplicates queue/import by imdb id (0.885327ms)
✔ catalog output includes metahub poster URL for card rendering (0.60324ms)
✔ catalog prefers Arr remote poster when available and falls back to metahub otherwise (0.796892ms)
✔ catalog normalizes uppercase imdb ids for native Stremio metadata lookup (0.455543ms)
✔ catalog drops invalid non-imdb ids to avoid broken native poster lookups (0.469179ms)
✔ radarr catalog fills to limit from library even when history is sparse (0.910034ms)
✔ sonarr catalog fills to limit from library even when history is sparse (0.776173ms)
✔ radarr catalog sorts by latest import first, then by most recent added date (0.602909ms)
✔ sonarr catalog sorts by latest import first, then by most recent added date (0.546493ms)
✔ catalog still returns library items when history endpoints fail (0.747018ms)
✔ radarr catalog with no filter keeps one recent watched movie by default (0.565189ms)
✔ radarr catalog filter=unwatched keeps one recent watched movie by default (0.428893ms)
✔ radarr catalog watched keep count is configurable (0.464078ms)
✔ radarr catalog filter=recent includes all movies regardless of watched status (3.403793ms)
✔ sonarr catalog is not affected by watched filter (0.44339ms)
✔ radarr filtered pagination caches progressive watched checks and avoids rescanning (0.760144ms)
✔ radarr watched keep count is global across pages and can be zero (0.590947ms)
✔ blank tag fields remain empty rather than becoming tag zero (126.444053ms)
✔ malformed percent-encoded cookies fail authentication without crashing (7.170847ms)
✔ probe credentials are reused only for the configured origin (0.391123ms)
✔ enabled configuration UI accepts an eight-character administrator token (1.65591ms)
✔ enabled configuration UI rejects an administrator token shorter than eight characters (1.443413ms)
✔ authenticated control routes are rate limited per session (24.010587ms)
✔ manifest advertises Stremio configuration without making it mandatory (60.689115ms)
✔ root and token-derived Configure routes serve the TV page without exposing secrets (28.735088ms)
✔ configuration API requires authentication and rejects a wrong token (28.289121ms)
✔ authenticated configuration response is redacted and reports secret presence only (12.696153ms)
✔ save validates and atomically updates only managed environment keys (27.095874ms)
✔ save requires CSRF token (11.635216ms)
✔ Arr connection test and option discovery use candidate credentials without returning them (28.565347ms)
✔ loads valid config (17.469231ms)
✔ manifest logo url accepts local keyword and derives self-hosted logo from public base url (0.711842ms)
✔ manifest logo url accepts explicit https override (0.657481ms)
✔ manifest logo url accepts https url with query parameters (0.522148ms)
✔ manifest logo url rejects http urls (0.675084ms)
✔ manifest logo url supports explicit none keyword (0.56138ms)
✔ card urls allow display override without changing API base url (0.766696ms)
✔ fails for invalid timeout (0.485699ms)
✔ fails for invalid URL (0.34741ms)
✔ fails for PUBLIC_BASE_URL with embedded credentials (0.330529ms)
✔ validateConfig warns when PUBLIC_BASE_URL uses HTTP (0.588673ms)
✔ validateConfig marks public HTTPS hostname as Android-TV compatible (0.37342ms)
✔ validateConfig flags localhost HTTP as Android-TV incompatible (0.476032ms)
✔ validateConfig flags internal-only hostname for android-tv target (0.588792ms)
✔ validateConfig flags path-prefix origins as unsupported (0.462305ms)
✔ validateConfig allows generic target for advanced/local setups (0.487042ms)
✔ validateConfig warns when neither service is enabled (0.511277ms)
✔ validateConfig has no neither-enabled warning when at least one service is enabled (1.519876ms)
✔ fails for PUBLIC_BASE_URL with query string (0.513362ms)
✔ enabled Radarr requires root folder path (1.998261ms)
✔ enabled Sonarr requires positive profile ids (0.588592ms)
✔ enabled Sonarr validates SONARR_SERIES_MONITOR enum (0.805429ms)
✔ enabled Sonarr accepts case-insensitive SONARR_SERIES_MONITOR (0.761896ms)
✔ enabled Sonarr accepts future as SONARR_SERIES_MONITOR (0.813193ms)
✔ enabled Sonarr accepts episode-scoped values in SONARR_SERIES_MONITOR (0.955179ms)
✔ enabled Sonarr validates SONARR_SERIES_MONITOR custom mode enum (0.630491ms)
✔ enabled Sonarr validates episode ready poll/timeout bounds (0.640559ms)
✔ enabled Sonarr accepts SONARR_MONITOR_NEW_ITEMS override (0.80639ms)
✔ enabled Sonarr validates EP_COUNT_MOD (0.643845ms)
✔ blank EP_COUNT disables EP_COUNT logic (0.69964ms)
✔ EP_COUNT_PAST can be overridden (0.693328ms)
✔ EP_COUNT_PAST validation rejects non-numeric values (0.594603ms)
✔ enabled Sonarr accepts lastSeason as SONARR_SERIES_MONITOR (0.561741ms)
✔ disabled Sonarr ignores invalid SONARR_SERIES_MONITOR (0.433402ms)
✔ fails for invalid FORCED_SHUTDOWN_EXIT_CODE (0.35287ms)
✔ fails for low service health cache ttl (0.366807ms)
✔ fails for negative stream cache hints (0.430005ms)
✔ fails for invalid catalog page size (0.535763ms)
✔ fails for invalid radarr catalog watched keep count (0.48627ms)
✔ fails for negative catalog stale error hint (0.526586ms)
✔ fails for unknown TARGET_CLIENT (0.366146ms)
✔ config version loads from package.json when npm_package_version is absent (0.767096ms)
✔ APP_VERSION overrides package version (0.56094ms)
✔ legacy APP_VERSION placeholder does not override package version (0.466113ms)
✔ RADARR_CATALOG_WATCHED_KEEP_COUNT overrides default (0.40032ms)
✔ allows empty KODI_PACKAGE when Kodi is disabled (0.426388ms)
✔ file streaming defaults to disabled with no secret required (0.400991ms)
✔ file streaming loads when enabled with a secret (0.461985ms)
✔ file streaming allows explicit kodi playback mode (0.419575ms)
✔ file streaming rejects unknown playback mode (0.511307ms)
✔ file streaming fails when enabled without a secret (0.51298ms)
✔ trakt sync defaults to disabled (0.616023ms)
✔ trakt sync requires credentials when enabled (0.63017ms)
✖ trakt sync accepts explicit configuration (0.907389ms)
  Error: Environment variable TRAKT_REDIRECT_URI is required.
      at readRequiredString (/home/runner/work/stremio-addarr/stremio-addarr/src/config.ts:230:11)
      at loadTraktSyncConfig (/home/runner/work/stremio-addarr/stremio-addarr/src/config.ts:595:5)
      at loadConfig (/home/runner/work/stremio-addarr/stremio-addarr/src/config.ts:641:21)
      at TestContext.<anonymous> (/home/runner/work/stremio-addarr/stremio-addarr/test/config.test.ts:432:18)
      at Test.runInAsyncScope (node:async_hooks:206:9)
      at Test.run (node:internal/test_runner/test:796:25)
      at async Test.processPendingSubtests (node:internal/test_runner/test:526:7)

✖ trakt sync fails validation when sync mins is < 40 (8.493473ms)
  AssertionError [ERR_ASSERTION]: The input did not match the regular expression /TRAKT_SYNC_MINS must be at least 40/. Input:
  
  'Error: Environment variable TRAKT_REDIRECT_URI is required.'
  
      at TestContext.<anonymous> (/home/runner/work/stremio-addarr/stremio-addarr/test/config.test.ts:444:10)
      at Test.runInAsyncScope (node:async_hooks:206:9)
      at Test.run (node:internal/test_runner/test:796:25)
      at async Test.processPendingSubtests (node:internal/test_runner/test:526:7) {
    generatedMessage: true,
    code: 'ERR_ASSERTION',
    actual: Error: Environment variable TRAKT_REDIRECT_URI is required.
        at readRequiredString (/home/runner/work/stremio-addarr/stremio-addarr/src/config.ts:230:11)
        at loadTraktSyncConfig (/home/runner/work/stremio-addarr/stremio-addarr/src/config.ts:595:5)
        at loadConfig (/home/runner/work/stremio-addarr/stremio-addarr/src/config.ts:641:21)
        at <anonymous> (/home/runner/work/stremio-addarr/stremio-addarr/test/config.test.ts:444:23)
        at getActual (node:assert:498:5)
        at Function.throws (node:assert:644:24)
        at TestContext.<anonymous> (/home/runner/work/stremio-addarr/stremio-addarr/test/config.test.ts:444:10)
        at Test.runInAsyncScope (node:async_hooks:206:9)
        at Test.run (node:internal/test_runner/test:796:25)
        at async Test.processPendingSubtests (node:internal/test_runner/test:526:7),
    expected: /TRAKT_SYNC_MINS must be at least 40/,
    operator: 'throws'
  }

✔ RADARR_TAGS and SONARR_TAGS parse empty correctly (1.351639ms)
✔ RADARR_TAGS and SONARR_TAGS parse comma-separated integers correctly with whitespace (0.889575ms)
✔ RADARR_TAGS validation rejects non-integer strings (0.701033ms)
✔ SONARR_TAGS validation rejects float strings (0.628527ms)
✔ RADARR_STRICT_IMDB_MATCH defaults to false when unset (0.709358ms)
✔ RADARR_STRICT_IMDB_MATCH parses "true" and "false" correctly (0.891219ms)
✔ RADARR_STRICT_IMDB_MATCH validation rejects invalid values (0.581299ms)
✔ catalogue page size defaults to 30 and accepts a smaller configured page (0.808925ms)
✔ catalogue page size rejects values outside 10 to 100 (0.705952ms)
✔ eight-character add-on access tokens are accepted while seven-character tokens are rejected (0.993109ms)
✔ longer legacy add-on access tokens remain accepted (0.88669ms)
✔ configuration UI assets contain TV navigation and compact responsive layout safeguards (1.541015ms)
✔ release template verifies current protected endpoints (1.062309ms)
✔ README is an end-user entry point and delegates detailed guidance (0.329477ms)
✔ release archive requires the split end-user guides (0.235671ms)
✔ Sonarr monitor settings use compact single-line scope labels (2.329542ms)
✔ explicit new-item settings are described by outcome (0.281056ms)
✔ all applicable ep-scope modifiers fit on one tile line (0.793917ms)
✔ auto remains off when ep upgrades only to season end (0.236232ms)
✔ disabled ep auto-upgrade settings do not add an inapplicable label (0.311353ms)
✔ episode action tile shows every applicable scope label on one line (75.451307ms)
✔ file route returns 404 when FILE_STREAMING_ENABLED=false (59.756158ms)
✔ file route returns 400 for unsupported kind (8.386654ms)
✔ file route returns 400 for non-integer fileId (4.858988ms)
✔ file route returns 400 for zero fileId (4.842878ms)
✔ file route returns 403 for missing token (6.187315ms)
✔ file route returns 403 for wrong token (4.918923ms)
✔ file route returns 403 for token from different fileId (5.478688ms)
✔ file route returns 404 when Arr API returns null path (7.388905ms)
✔ file route returns 404 when Arr API returns HTTP error (5.910066ms)
✔ file route returns 403 when Arr returns path outside root folder (6.488379ms)
✔ file route allows canonicalized path when configured root is a symlink (false 403 regression) (14.610608ms)
✔ file route rejects symlink escape outside configured root (13.582733ms)
✔ file route serves movie file for valid request (13.160924ms)
✔ file route serves episode file for valid series request (10.038267ms)
✔ file route includes CORS header for cross-origin Stremio access (11.865137ms)
✔ file route supports HTTP range requests for large video seeking (8.958975ms)
✔ file route returns 429 after exceeding rate limit (152.686608ms)
✔ file route rate limiting is keyed by forwarded client IP behind trusted loopback proxy (129.487299ms)
✔ buildFileToken produces a 64-char hex string (1.225475ms)
✔ buildFileToken is deterministic (0.226725ms)
✔ buildFileToken differs by kind (0.219772ms)
✔ buildFileToken differs by fileId (0.239499ms)
✔ buildFileToken differs by secret (0.184766ms)
✔ verifyFileToken returns true for correct token (0.418934ms)
✔ verifyFileToken returns false for tampered token (0.235561ms)
✔ verifyFileToken returns false for wrong kind (0.296014ms)
✔ verifyFileToken returns false for wrong fileId (0.27217ms)
✔ verifyFileToken returns false for wrong secret (0.258364ms)
✔ verifyFileToken returns false for empty token (0.156282ms)
✔ verifyFileToken returns false for token of wrong length (0.166071ms)
✔ verifyFileToken returns false for non-hex token of correct length (0.169437ms)
✔ logger emits valid JSON with required fields (1.467738ms)
✔ logger writes errors to stderr (0.275907ms)
✔ logger respects log level threshold — debug suppressed at info level (0.214702ms)
✔ logger at debug level emits debug messages (0.222787ms)
✔ logger at warn level suppresses info and debug (0.257082ms)
✔ logger at none level suppresses all messages including errors (0.155151ms)
✔ logger sanitizes apiKey fields in extra (0.196347ms)
✔ logger sanitizes api_key variant (0.359864ms)
✔ logger sanitizes additional sensitive keys (secret, token, password) (0.350867ms)
✔ logger sanitizes URLs with embedded credentials (0.498874ms)
✔ logger does not alter non-sensitive fields (0.372167ms)
✔ quick.sh has valid Bash syntax (6.187957ms)
✔ quick.sh exposes protected URLs and an exact-eight token flow (0.377807ms)
✔ quick.sh safely handles a missing environment file (0.156243ms)
✔ quick.sh exposes retryable standalone Trakt device authentication (35.608656ms)
✔ Radarr matching: Exact IMDb match succeeds from array (2.393802ms)
✔ Radarr matching: No exact match and strict mode returns ok: false (0.466444ms)
✔ Radarr matching: TMDB cross-check accepts candidate when requested IMDb resolves to same TMDB ID (0.510416ms)
✔ Radarr matching: title+year fallback succeeds when strict mode is false (1.31387ms)
✔ Radarr matching: title+year fallback rejects similar title with different year (0.672469ms)
✔ Radarr matching: title+year fallback rejects different normalised title with same year (0.589103ms)
✔ maps downloaded status (2.133996ms)
✔ downloaded status includes movieFileId when movieFile is present (0.407984ms)
✔ movie release date prefers earliest of physical/digital, then inCinemas fallback (0.71552ms)
✔ getMovieFilePath returns path from Arr API (0.434854ms)
✔ getMovieFilePath returns null when Arr API fails (0.575928ms)
✔ prevents duplicate add when already exists (0.836786ms)
✔ HTTP 400 already-been-added response returns alreadyExisted (0.970186ms)
✔ ping classifies auth errors correctly (0.549158ms)
✔ movie cache is cleared after successful add (2.314005ms)
✔ downloading state takes precedence over missing (0.498504ms)
✔ triggerMovieSearch posts MoviesSearch command for existing movie (1.123153ms)
✔ triggerMovieSearch grabs top approved release before command search (0.433221ms)
✔ triggerMovieSearch prefers download-allowed release with highest weight and passes downloadClientId (0.578233ms)
✔ triggerMovieSearch enables movie monitored before searching (0.578924ms)
✔ queue failure does not downgrade movie status to unavailable (0.364673ms)
✔ queue pagination finds matches after first page and caches queue calls (0.367067ms)
✔ triggerMovieSearch returns unavailable reason when status lookup fails (0.432861ms)
✔ listRecentMovieImports honors offset paging across pages (0.593501ms)
✔ addMovieByImdbId passes tags to add payload (0.376885ms)
✔ addMovieByImdbId handles single-object lookup response from Radarr API (0.420317ms)
✔ request logging redacts the opaque add-on path token (0.893803ms)
✔ stream adapter rejects protocol-invalid source-less streams (0.430356ms)
✔ action signatures expire and bind action, kind and id (0.637574ms)
✔ file signatures expire (0.319899ms)
✔ rate limiter bounds requests per key and resets (0.332582ms)
✔ Stremio resources are available only below the protected install path (101.521326ms)
✔ maps episode downloaded status (2.568169ms)
✔ episode downloaded status includes episodeFileId (0.354153ms)
✔ episode release date prefers airDate (broadcast date) over airDateUtc (1.258747ms)
✔ episode release date uses airDate even when it is later than airDateUtc (0.436557ms)
✔ getEpisodeFilePath returns path from Arr API (0.28851ms)
✔ getEpisodeFilePath returns null when Arr API fails (0.369922ms)
✔ duplicate add returns already exists (0.579836ms)
✔ HTTP 400 already-been-added response returns alreadyExisted (0.589003ms)
✔ episode cache is cleared after successful add (0.543478ms)
✔ addSeriesByImdbId applies ep mode monitoring to selected episode only (1.455685ms)
✔ addSeriesByImdbId applies epfuture mode monitoring for selected and later episodes (0.738263ms)
✔ addSeriesByImdbId applies epseason mode monitoring for selected episode through season end (0.652812ms)
✔ ep mode upgrades to EP_COUNT_MOD when prior downloaded episodes threshold is met (0.639848ms)
✔ SONARR_MONITOR_NEW_ITEMS override is honored for scoped mode (0.578663ms)
✔ ep mode remains ep when EP_COUNT threshold is not met (0.577622ms)
✔ ep mode modifier is disabled when EP_COUNT <= 1 (0.584594ms)
✔ EP_COUNT_PAST limits the prior-episode window used by ep modifier (0.472886ms)
✔ episode downloading status takes precedence over missing (0.488896ms)
✔ triggerEpisodeSearch posts EpisodeSearch command (0.781002ms)
✔ triggerEpisodeSearch with epfuture uses scoped monitoring then MissingEpisodeSearch (1.003018ms)
✔ triggerEpisodeSearch grabs top approved release before command search (0.743803ms)
✔ triggerEpisodeSearch with epseason queues SeasonSearch (0.802482ms)
✔ triggerEpisodeSearch prefers download-allowed release with highest weight and passes downloadClientId (2.175181ms)
✔ queue failure does not downgrade episode status to unavailable (0.360144ms)
✔ sonarr queue pagination finds match and uses cache (0.450363ms)
✔ triggerEpisodeSearch returns unavailable reason when status lookup fails (0.535303ms)
✔ listRecentSeriesImports honors offset paging across pages (0.632545ms)
✔ addSeriesByImdbId passes tags to add payload (0.419014ms)
✔ addSeriesByImdbId sends addOptions.monitor in payload (0.426619ms)
✔ addSeriesByImdbId omits languageProfileId when null (Sonarr v4) (0.48599ms)
✔ addSeriesByImdbId includes languageProfileId when set (Sonarr v3) (0.541835ms)
✔ isEpisodeQueued only matches by episodeId — does not false-positive on other episodes from same series (0.348622ms)
✔ findSeriesByImdbId title+year fallback rejects same title different year (0.326572ms)
✔ findSeriesByImdbId title+year fallback matches when both match (0.403796ms)
✔ movie downloaded description mentions WATCHED and stays within 5 lines (36.794386ms)
✔ movie missing description mentions UNWATCHED and includes a search action (3.666325ms)
✔ episode downloaded description mentions WATCHED and stays within 5 lines (2.350892ms)
✔ episode missing description mentions UNWATCHED and includes a search action (2.876927ms)
✔ shows ?📅 when neither Arr nor Trakt has a valid movie date (1.724429ms)
✔ uses Trakt as final fallback when Arr episode date is missing (2.380668ms)
✔ uses TMDB fallback when Arr and Trakt do not provide an episode date (2.635444ms)
✔ falls back to legacy border line when Trakt is failing (2.192235ms)
✔ not_added movie shows Trakt release date in description (1.899637ms)
✔ not_added movie shows 📽 Not in Radarr without date when Trakt returns nothing (1.706185ms)
✔ uses TMDB movie date fallback when Arr and Trakt dates are unavailable (1.573687ms)
✔ series_not_added shows episode+date from Trakt in description (1.789761ms)
✔ series_not_added shows episode identifier even when no date available (1.81619ms)
✔ formats datetime release in configured TZ when possible (1.471225ms)
✔ parses movie ids (1.299833ms)
✔ parses episode ids (0.266739ms)
✔ series ids without episode keep stable detail videoId (0.217096ms)
✔ rejects malformed ids (0.535863ms)
✔ TmdbApiLookup resolves movie release date using min(release, digital, physical) (20.976798ms)
✔ TmdbApiLookup falls back to theatrical date when release+digital+physical are unavailable (1.741431ms)
✔ TmdbApiLookup resolves episode air_date via IMDb show lookup (1.0363ms)
✔ device flow observes pending and slow-down responses before success (31.772622ms)
✔ device flow reports terminal denial and expiry statuses (1.186812ms)
✔ token timing uses provider metadata and refreshes before the seven-day expiry (0.329838ms)
✔ valid initial device token is used without an unnecessary refresh (15.075347ms)
✔ new authentication generation ignores stale persisted credentials (4.949187ms)
✔ 401 refreshes once, retries the request and writes mode 0600 state (11.054678ms)
✔ sync interval gating prevents repeated full sync within interval (50.91083ms)
✔ sync state persists last successful timestamp to disk (6.071156ms)
✔ fallback to unwatched when Trakt API fails (755.476798ms)
✔ sync lock avoids overlapping sync runs (5.947132ms)
✔ cache rebuild performs atomic swap and does not expose empty state during sync (5.677337ms)
✔ failed sync preserves the previous known-good state across both movies and episodes endpoints seamlessly (3014.161998ms)
✔ snapshot state remains unwatched when fresh process starts despite valid lastSyncAt cache (9.914015ms)
✔ failed persistence does not wipe the active synced memory snapshot (6.340188ms)
✔ Trakt queries immediately return false and bypass network fetches when provided malformed inputs (0.868568ms)
✔ areMoviesWatched returns same keys exactly mapped correctly validating whitespaces and mixed case canonization (4.801536ms)
✔ Trakt queries bypass network returning false completely on disabled provider status mapping original keys (0.826158ms)
✖ token expiry uses expires_in from response when present (9.057601ms)
  AssertionError [ERR_ASSERTION]: tokenExpiresAt 1784397964000 should be ~1784398324438 (now + 3600s, not 90 days)
      at TestContext.<anonymous> (/home/runner/work/stremio-addarr/stremio-addarr/test/trakt-watched.test.ts:468:10)
      at async Test.run (node:internal/test_runner/test:797:9)
      at async Test.processPendingSubtests (node:internal/test_runner/test:526:7) {
    generatedMessage: false,
    code: 'ERR_ASSERTION',
    actual: false,
    expected: true,
    operator: '=='
  }

✔ NoopTraktLookup returns no data without scraping the website (1.178446ms)
✔ TraktApiLookup resolves and caches a movie release date (20.364231ms)
✔ TraktApiLookup caches movie not-found results (0.670115ms)
✔ TraktApiLookup resolves episode first_aired through the show slug (1.12179ms)
✔ TraktApiLookup sends all required application headers and configured API origin (1.022634ms)
✔ TraktApiLookup returns undefined gracefully on network errors (251.384877ms)
ℹ tests 310
ℹ suites 0
ℹ pass 307
ℹ fail 3
ℹ cancelled 0
ℹ skipped 0
ℹ todo 0
ℹ duration_ms 8922.808471

✖ failing tests:

test at test/config.test.ts:1:14640
✖ trakt sync accepts explicit configuration (0.907389ms)
  Error: Environment variable TRAKT_REDIRECT_URI is required.
      at readRequiredString (/home/runner/work/stremio-addarr/stremio-addarr/src/config.ts:230:11)
      at loadTraktSyncConfig (/home/runner/work/stremio-addarr/stremio-addarr/src/config.ts:595:5)
      at loadConfig (/home/runner/work/stremio-addarr/stremio-addarr/src/config.ts:641:21)
      at TestContext.<anonymous> (/home/runner/work/stremio-addarr/stremio-addarr/test/config.test.ts:432:18)
      at Test.runInAsyncScope (node:async_hooks:206:9)
      at Test.run (node:internal/test_runner/test:796:25)
      at async Test.processPendingSubtests (node:internal/test_runner/test:526:7)

test at test/config.test.ts:1:15124
✖ trakt sync fails validation when sync mins is < 40 (8.493473ms)
  AssertionError [ERR_ASSERTION]: The input did not match the regular expression /TRAKT_SYNC_MINS must be at least 40/. Input:
  
  'Error: Environment variable TRAKT_REDIRECT_URI is required.'
  
      at TestContext.<anonymous> (/home/runner/work/stremio-addarr/stremio-addarr/test/config.test.ts:444:10)
      at Test.runInAsyncScope (node:async_hooks:206:9)
      at Test.run (node:internal/test_runner/test:796:25)
      at async Test.processPendingSubtests (node:internal/test_runner/test:526:7) {
    generatedMessage: true,
    code: 'ERR_ASSERTION',
    actual: Error: Environment variable TRAKT_REDIRECT_URI is required.
        at readRequiredString (/home/runner/work/stremio-addarr/stremio-addarr/src/config.ts:230:11)
        at loadTraktSyncConfig (/home/runner/work/stremio-addarr/stremio-addarr/src/config.ts:595:5)
        at loadConfig (/home/runner/work/stremio-addarr/stremio-addarr/src/config.ts:641:21)
        at <anonymous> (/home/runner/work/stremio-addarr/stremio-addarr/test/config.test.ts:444:23)
        at getActual (node:assert:498:5)
        at Function.throws (node:assert:644:24)
        at TestContext.<anonymous> (/home/runner/work/stremio-addarr/stremio-addarr/test/config.test.ts:444:10)
        at Test.runInAsyncScope (node:async_hooks:206:9)
        at Test.run (node:internal/test_runner/test:796:25)
        at async Test.processPendingSubtests (node:internal/test_runner/test:526:7),
    expected: /TRAKT_SYNC_MINS must be at least 40/,
    operator: 'throws'
  }

test at test/trakt-watched.test.ts:1:13621
✖ token expiry uses expires_in from response when present (9.057601ms)
  AssertionError [ERR_ASSERTION]: tokenExpiresAt 1784397964000 should be ~1784398324438 (now + 3600s, not 90 days)
      at TestContext.<anonymous> (/home/runner/work/stremio-addarr/stremio-addarr/test/trakt-watched.test.ts:468:10)
      at async Test.run (node:internal/test_runner/test:797:9)
      at async Test.processPendingSubtests (node:internal/test_runner/test:526:7) {
    generatedMessage: false,
    code: 'ERR_ASSERTION',
    actual: false,
    expected: true,
    operator: '=='
  }
